<?xml version="1.0" encoding="UTF-8"?>
<!-- Generated by org.testng.reporters.JUnitReportReporter -->
<testsuite hostname="DESKTOP-EVNV4QI" failures="0" tests="2" name="cucumberRunner.TestNgTestRunner" time="25.615" errors="0" timestamp="2022-09-18T15:00:02 IST" skipped="0">
  <testcase classname="cucumberRunner.TestNgTestRunner" name="runScenario" time="12.819"/>
  <system-out/>
  <testcase classname="cucumberRunner.TestNgTestRunner" name="runScenario" time="12.796"/>
  <system-out/>
</testsuite> <!-- cucumberRunner.TestNgTestRunner -->
